<?xml version="1.0" encoding="UTF-8"?>
<testng-results ignored="0" total="1" passed="1" failed="0" skipped="0">
  <reporter-output>
  </reporter-output>
  <suite started-at="2024-03-30T13:30:30 IST" name="Default suite" finished-at="2024-03-30T13:31:05 IST" duration-ms="34703">
    <groups>
    </groups>
    <test started-at="2024-03-30T13:30:30 IST" name="Default test" finished-at="2024-03-30T13:31:05 IST" duration-ms="34703">
      <class name="com.hybrid.AdminTest">
        <test-method is-config="true" signature="setup()[pri:0, instance:com.hybrid.AdminTest@e350b40]" started-at="2024-03-30T13:30:30 IST" name="setup" finished-at="2024-03-30T13:30:50 IST" duration-ms="19969" status="PASS">
          <reporter-output>
          </reporter-output>
        </test-method> <!-- setup -->
        <test-method signature="loginpage()[pri:0, instance:com.hybrid.AdminTest@e350b40]" started-at="2024-03-30T13:30:50 IST" name="loginpage" finished-at="2024-03-30T13:31:05 IST" duration-ms="14686" status="PASS">
          <reporter-output>
          </reporter-output>
        </test-method> <!-- loginpage -->
      </class> <!-- com.hybrid.AdminTest -->
    </test> <!-- Default test -->
  </suite> <!-- Default suite -->
</testng-results>
