<?xml version="1.0" encoding="UTF-8"?>
<testng-results ignored="1" total="2" passed="1" failed="0" skipped="0">
  <reporter-output>
  </reporter-output>
  <suite started-at="2024-03-22T06:22:46 IST" name="Default suite" finished-at="2024-03-22T06:23:02 IST" duration-ms="15919">
    <groups>
    </groups>
    <test started-at="2024-03-22T06:22:46 IST" name="Default test" finished-at="2024-03-22T06:23:02 IST" duration-ms="15919">
      <class name="com.hybrid.InstaTest">
        <test-method is-config="true" signature="setup()[pri:0, instance:com.hybrid.InstaTest@247310d0]" started-at="2024-03-22T06:22:46 IST" name="setup" finished-at="2024-03-22T06:23:01 IST" duration-ms="14970" status="PASS">
          <reporter-output>
          </reporter-output>
        </test-method> <!-- setup -->
        <test-method signature="instaSignUp()[pri:0, instance:com.hybrid.InstaTest@247310d0]" started-at="2024-03-22T06:23:01 IST" name="instaSignUp" finished-at="2024-03-22T06:23:02 IST" duration-ms="899" status="PASS">
          <reporter-output>
          </reporter-output>
        </test-method> <!-- instaSignUp -->
      </class> <!-- com.hybrid.InstaTest -->
    </test> <!-- Default test -->
  </suite> <!-- Default suite -->
</testng-results>
